2020-03-10 18:55:03.012 INFO [main]com.sinosoft.CsesApplication.logStarting:55 -Starting CsesApplication v0.0.1-SNAPSHOT on LAPTOP-LI7FD4B6 with PID 14724 (C:\Users\xj143\Desktop\work\客服\cses\cses-0.0.1-SNAPSHOT.jar started by xujian in C:\Users\xj143\Desktop\work\客服\cses)
2020-03-10 18:55:03.015 INFO [main]com.sinosoft.CsesApplication.logStartupProfileInfo:655 -The following profiles are active: dev
2020-03-10 18:55:03.582 INFO [main]o.s.d.repository.config.RepositoryConfigurationDelegate.registerRepositoriesIn:127 -Bootstrapping Spring Data JPA repositories in DEFAULT mode.
2020-03-10 18:55:03.675 INFO [main]o.s.d.repository.config.RepositoryConfigurationDelegate.registerRepositoriesIn:187 -Finished Spring Data repository scanning in 84ms. Found 9 JPA repository interfaces.
2020-03-10 18:55:04.002 INFO [main]o.s.c.s.PostProcessorRegistrationDelegate$BeanPostProcessorChecker.postProcessAfterInitialization:330 -Bean 'org.springframework.transaction.annotation.ProxyTransactionManagementConfiguration' of type [org.springframework.transaction.annotation.ProxyTransactionManagementConfiguration] is not eligible for getting processed by all BeanPostProcessors (for example: not eligible for auto-proxying)
2020-03-10 18:55:04.604 INFO [main]o.s.boot.web.embedded.tomcat.TomcatWebServer.initialize:92 -Tomcat initialized with port(s): 9000 (http)
2020-03-10 18:55:04.614 INFO [main]org.apache.coyote.http11.Http11NioProtocol.log:173 -Initializing ProtocolHandler ["http-nio-9000"]
2020-03-10 18:55:04.614 INFO [main]org.apache.catalina.core.StandardService.log:173 -Starting service [Tomcat]
2020-03-10 18:55:04.615 INFO [main]org.apache.catalina.core.StandardEngine.log:173 -Starting Servlet engine: [Apache Tomcat/9.0.29]
2020-03-10 18:55:04.741 INFO [main]o.a.catalina.core.ContainerBase.[Tomcat].[localhost].[/].log:173 -Initializing Spring embedded WebApplicationContext
2020-03-10 18:55:04.742 INFO [main]org.springframework.web.context.ContextLoader.prepareWebApplicationContext:284 -Root WebApplicationContext: initialization completed in 1686 ms
2020-03-10 18:55:04.899 INFO [main]org.hibernate.jpa.internal.util.LogHelper.logPersistenceUnitInformation:31 -HHH000204: Processing PersistenceUnitInfo [name: default]
2020-03-10 18:55:04.972 INFO [main]org.hibernate.Version.logVersion:46 -HHH000412: Hibernate Core {5.4.9.Final}
2020-03-10 18:55:05.093 INFO [main]org.hibernate.annotations.common.Version.<clinit>:49 -HCANN000001: Hibernate Commons Annotations {5.1.0.Final}
2020-03-10 18:55:05.180 INFO [main]com.zaxxer.hikari.HikariDataSource.getConnection:110 -HikariPool-1 - Starting...
2020-03-10 18:55:05.437 INFO [main]com.zaxxer.hikari.HikariDataSource.getConnection:123 -HikariPool-1 - Start completed.
2020-03-10 18:55:05.459 INFO [main]org.hibernate.dialect.Dialect.<init>:172 -HHH000400: Using dialect: org.hibernate.dialect.MySQL57Dialect
2020-03-10 18:55:05.996 INFO [main]o.h.e.t.jta.platform.internal.JtaPlatformInitiator.initiateService:52 -HHH000490: Using JtaPlatform implementation: [org.hibernate.engine.transaction.jta.platform.internal.NoJtaPlatform]
2020-03-10 18:55:06.003 INFO [main]o.s.orm.jpa.LocalContainerEntityManagerFactoryBean.buildNativeEntityManagerFactory:416 -Initialized JPA EntityManagerFactory for persistence unit 'default'
2020-03-10 18:55:07.432 WARN [main]o.s.b.a.orm.jpa.JpaBaseConfiguration$JpaWebConfiguration.openEntityManagerInViewInterceptor:220 -spring.jpa.open-in-view is enabled by default. Therefore, database queries may be performed during view rendering. Explicitly configure spring.jpa.open-in-view to disable this warning
2020-03-10 18:55:07.541 INFO [main]o.s.scheduling.concurrent.ThreadPoolTaskExecutor.initialize:171 -Initializing ExecutorService 'applicationTaskExecutor'
2020-03-10 18:55:07.711 INFO [main]org.apache.coyote.http11.Http11NioProtocol.log:173 -Starting ProtocolHandler ["http-nio-9000"]
2020-03-10 18:55:07.735 INFO [main]o.s.boot.web.embedded.tomcat.TomcatWebServer.start:204 -Tomcat started on port(s): 9000 (http) with context path ''
2020-03-10 18:55:07.737 INFO [main]com.sinosoft.CsesApplication.logStarted:61 -Started CsesApplication in 5.301 seconds (JVM running for 5.728)
2020-03-10 18:55:07.738 INFO [main]com.sinosoft.cses.util.AppCache.run:86 -开始初始化数据
2020-03-10 18:55:07.738 INFO [main]com.sinosoft.cses.util.AppCache.initUser:127 -开始用户信息初始化
2020-03-10 18:55:07.866 INFO [main]com.sinosoft.cses.util.AppCache.initUser:136 -用户信息初始化成功
2020-03-10 18:55:07.866 INFO [main]com.sinosoft.cses.util.AppCache.initSystemConfig:105 -开始系统配置项初始化
2020-03-10 18:55:07.914 INFO [main]com.sinosoft.cses.util.AppCache.initSystemConfig:114 -系统配置项初始化成功
2020-03-10 18:55:07.915 INFO [main]com.sinosoft.cses.util.AppCache.initAreaCode:192 -开始地区代码初始化
2020-03-10 18:55:07.962 INFO [main]com.sinosoft.cses.util.AppCache.initAreaCode:203 -地区代码初始化成功
2020-03-10 18:55:07.962 INFO [main]com.sinosoft.cses.util.AppCache.initGlobalVariable:212 -开始全局变量初始化
2020-03-10 18:55:08.001 INFO [main]com.sinosoft.cses.util.AppCache.initGlobalVariable:219 -全局变量初始化成功
2020-03-10 18:55:08.002 INFO [main]com.sinosoft.cses.util.AppCache.initInterface:172 -开始接口初始化
2020-03-10 18:55:08.041 INFO [main]com.sinosoft.cses.util.AppCache.initInterface:176 -接口初始化成功
2020-03-10 18:55:08.041 INFO [main]com.sinosoft.cses.util.AppCache.initExceution:152 -开始业务场景初始化
2020-03-10 18:55:08.077 INFO [main]com.sinosoft.cses.util.AppCache.initExceution:156 -业务场景初始化成功
2020-03-10 18:55:08.078 INFO [main]com.sinosoft.cses.util.AppCache.run:93 -开始初始化数据成功
2020-03-10 18:55:08.125 INFO [main]com.sinosoft.master.controller.InterfacesController.interfacesListToObject:36 -开始查询接口列表！
2020-03-10 18:55:08.126 INFO [main]com.sinosoft.master.controller.InterfacesController.interfacesListToObject:52 -查询成功！
2020-03-10 18:55:19.836 INFO [AWT-EventQueue-0]com.sinosoft.master.controller.ExecutionController.doExecution:275 -接口访问失败:Connection refused: connect
2020-03-10 18:55:27.110 INFO [SpringContextShutdownHook]o.s.scheduling.concurrent.ThreadPoolTaskExecutor.shutdown:208 -Shutting down ExecutorService 'applicationTaskExecutor'
2020-03-10 18:55:27.114 INFO [SpringContextShutdownHook]o.s.orm.jpa.LocalContainerEntityManagerFactoryBean.destroy:598 -Closing JPA EntityManagerFactory for persistence unit 'default'
2020-03-10 18:55:27.115 INFO [SpringContextShutdownHook]com.zaxxer.hikari.HikariDataSource.close:350 -HikariPool-1 - Shutdown initiated...
2020-03-10 18:55:27.119 INFO [SpringContextShutdownHook]com.zaxxer.hikari.HikariDataSource.close:352 -HikariPool-1 - Shutdown completed.
2020-03-10 18:57:17.514 INFO [main]com.sinosoft.CsesApplication.logStarting:55 -Starting CsesApplication v0.0.1-SNAPSHOT on LAPTOP-LI7FD4B6 with PID 15728 (C:\Users\xj143\Desktop\work\客服\cses\cses-0.0.1-SNAPSHOT.jar started by xujian in C:\Users\xj143\Desktop\work\客服\cses)
2020-03-10 18:57:17.517 INFO [main]com.sinosoft.CsesApplication.logStartupProfileInfo:655 -The following profiles are active: dev
2020-03-10 18:57:18.062 INFO [main]o.s.d.repository.config.RepositoryConfigurationDelegate.registerRepositoriesIn:127 -Bootstrapping Spring Data JPA repositories in DEFAULT mode.
2020-03-10 18:57:18.151 INFO [main]o.s.d.repository.config.RepositoryConfigurationDelegate.registerRepositoriesIn:187 -Finished Spring Data repository scanning in 79ms. Found 9 JPA repository interfaces.
2020-03-10 18:57:18.481 INFO [main]o.s.c.s.PostProcessorRegistrationDelegate$BeanPostProcessorChecker.postProcessAfterInitialization:330 -Bean 'org.springframework.transaction.annotation.ProxyTransactionManagementConfiguration' of type [org.springframework.transaction.annotation.ProxyTransactionManagementConfiguration] is not eligible for getting processed by all BeanPostProcessors (for example: not eligible for auto-proxying)
2020-03-10 18:57:19.094 INFO [main]o.s.boot.web.embedded.tomcat.TomcatWebServer.initialize:92 -Tomcat initialized with port(s): 9000 (http)
2020-03-10 18:57:19.104 INFO [main]org.apache.coyote.http11.Http11NioProtocol.log:173 -Initializing ProtocolHandler ["http-nio-9000"]
2020-03-10 18:57:19.105 INFO [main]org.apache.catalina.core.StandardService.log:173 -Starting service [Tomcat]
2020-03-10 18:57:19.105 INFO [main]org.apache.catalina.core.StandardEngine.log:173 -Starting Servlet engine: [Apache Tomcat/9.0.29]
2020-03-10 18:57:19.238 INFO [main]o.a.catalina.core.ContainerBase.[Tomcat].[localhost].[/].log:173 -Initializing Spring embedded WebApplicationContext
2020-03-10 18:57:19.238 INFO [main]org.springframework.web.context.ContextLoader.prepareWebApplicationContext:284 -Root WebApplicationContext: initialization completed in 1680 ms
2020-03-10 18:57:19.407 INFO [main]org.hibernate.jpa.internal.util.LogHelper.logPersistenceUnitInformation:31 -HHH000204: Processing PersistenceUnitInfo [name: default]
2020-03-10 18:57:19.478 INFO [main]org.hibernate.Version.logVersion:46 -HHH000412: Hibernate Core {5.4.9.Final}
2020-03-10 18:57:19.612 INFO [main]org.hibernate.annotations.common.Version.<clinit>:49 -HCANN000001: Hibernate Commons Annotations {5.1.0.Final}
2020-03-10 18:57:19.708 INFO [main]com.zaxxer.hikari.HikariDataSource.getConnection:110 -HikariPool-1 - Starting...
2020-03-10 18:57:19.993 INFO [main]com.zaxxer.hikari.HikariDataSource.getConnection:123 -HikariPool-1 - Start completed.
2020-03-10 18:57:20.015 INFO [main]org.hibernate.dialect.Dialect.<init>:172 -HHH000400: Using dialect: org.hibernate.dialect.MySQL57Dialect
2020-03-10 18:57:20.551 INFO [main]o.h.e.t.jta.platform.internal.JtaPlatformInitiator.initiateService:52 -HHH000490: Using JtaPlatform implementation: [org.hibernate.engine.transaction.jta.platform.internal.NoJtaPlatform]
2020-03-10 18:57:20.558 INFO [main]o.s.orm.jpa.LocalContainerEntityManagerFactoryBean.buildNativeEntityManagerFactory:416 -Initialized JPA EntityManagerFactory for persistence unit 'default'
2020-03-10 18:57:22.038 WARN [main]o.s.b.a.orm.jpa.JpaBaseConfiguration$JpaWebConfiguration.openEntityManagerInViewInterceptor:220 -spring.jpa.open-in-view is enabled by default. Therefore, database queries may be performed during view rendering. Explicitly configure spring.jpa.open-in-view to disable this warning
2020-03-10 18:57:22.151 INFO [main]o.s.scheduling.concurrent.ThreadPoolTaskExecutor.initialize:171 -Initializing ExecutorService 'applicationTaskExecutor'
2020-03-10 18:57:22.330 INFO [main]org.apache.coyote.http11.Http11NioProtocol.log:173 -Starting ProtocolHandler ["http-nio-9000"]
2020-03-10 18:57:22.353 INFO [main]o.s.boot.web.embedded.tomcat.TomcatWebServer.start:204 -Tomcat started on port(s): 9000 (http) with context path ''
2020-03-10 18:57:22.354 INFO [main]com.sinosoft.CsesApplication.logStarted:61 -Started CsesApplication in 5.516 seconds (JVM running for 5.962)
2020-03-10 18:57:22.356 INFO [main]com.sinosoft.cses.util.AppCache.run:86 -开始初始化数据
2020-03-10 18:57:22.356 INFO [main]com.sinosoft.cses.util.AppCache.initUser:127 -开始用户信息初始化
2020-03-10 18:57:22.477 INFO [main]com.sinosoft.cses.util.AppCache.initUser:136 -用户信息初始化成功
2020-03-10 18:57:22.478 INFO [main]com.sinosoft.cses.util.AppCache.initSystemConfig:105 -开始系统配置项初始化
2020-03-10 18:57:22.518 INFO [main]com.sinosoft.cses.util.AppCache.initSystemConfig:114 -系统配置项初始化成功
2020-03-10 18:57:22.518 INFO [main]com.sinosoft.cses.util.AppCache.initAreaCode:192 -开始地区代码初始化
2020-03-10 18:57:22.566 INFO [main]com.sinosoft.cses.util.AppCache.initAreaCode:203 -地区代码初始化成功
2020-03-10 18:57:22.566 INFO [main]com.sinosoft.cses.util.AppCache.initGlobalVariable:212 -开始全局变量初始化
2020-03-10 18:57:22.612 INFO [main]com.sinosoft.cses.util.AppCache.initGlobalVariable:219 -全局变量初始化成功
2020-03-10 18:57:22.612 INFO [main]com.sinosoft.cses.util.AppCache.initInterface:172 -开始接口初始化
2020-03-10 18:57:22.646 INFO [main]com.sinosoft.cses.util.AppCache.initInterface:176 -接口初始化成功
2020-03-10 18:57:22.646 INFO [main]com.sinosoft.cses.util.AppCache.initExceution:152 -开始业务场景初始化
2020-03-10 18:57:22.682 INFO [main]com.sinosoft.cses.util.AppCache.initExceution:156 -业务场景初始化成功
2020-03-10 18:57:22.683 INFO [main]com.sinosoft.cses.util.AppCache.run:93 -开始初始化数据成功
2020-03-10 18:57:22.727 INFO [main]com.sinosoft.master.controller.InterfacesController.interfacesListToObject:36 -开始查询接口列表！
2020-03-10 18:57:22.728 INFO [main]com.sinosoft.master.controller.InterfacesController.interfacesListToObject:52 -查询成功！
2020-03-10 18:57:33.358 INFO [SpringContextShutdownHook]o.s.scheduling.concurrent.ThreadPoolTaskExecutor.shutdown:208 -Shutting down ExecutorService 'applicationTaskExecutor'
2020-03-10 18:57:33.362 INFO [SpringContextShutdownHook]o.s.orm.jpa.LocalContainerEntityManagerFactoryBean.destroy:598 -Closing JPA EntityManagerFactory for persistence unit 'default'
2020-03-10 18:57:33.364 INFO [SpringContextShutdownHook]com.zaxxer.hikari.HikariDataSource.close:350 -HikariPool-1 - Shutdown initiated...
2020-03-10 18:57:33.369 INFO [SpringContextShutdownHook]com.zaxxer.hikari.HikariDataSource.close:352 -HikariPool-1 - Shutdown completed.
2020-03-10 18:58:32.177 INFO [main]com.sinosoft.CsesApplication.logStarting:55 -Starting CsesApplication v0.0.1-SNAPSHOT on LAPTOP-LI7FD4B6 with PID 18016 (C:\Users\xj143\Desktop\work\客服\cses\cses-0.0.1-SNAPSHOT.jar started by xujian in C:\Users\xj143\Desktop\work\客服\cses)
2020-03-10 18:58:32.181 INFO [main]com.sinosoft.CsesApplication.logStartupProfileInfo:655 -The following profiles are active: dev
2020-03-10 18:58:32.662 INFO [main]o.s.d.repository.config.RepositoryConfigurationDelegate.registerRepositoriesIn:127 -Bootstrapping Spring Data JPA repositories in DEFAULT mode.
2020-03-10 18:58:32.743 INFO [main]o.s.d.repository.config.RepositoryConfigurationDelegate.registerRepositoriesIn:187 -Finished Spring Data repository scanning in 74ms. Found 9 JPA repository interfaces.
2020-03-10 18:58:33.053 INFO [main]o.s.c.s.PostProcessorRegistrationDelegate$BeanPostProcessorChecker.postProcessAfterInitialization:330 -Bean 'org.springframework.transaction.annotation.ProxyTransactionManagementConfiguration' of type [org.springframework.transaction.annotation.ProxyTransactionManagementConfiguration] is not eligible for getting processed by all BeanPostProcessors (for example: not eligible for auto-proxying)
2020-03-10 18:58:33.654 INFO [main]o.s.boot.web.embedded.tomcat.TomcatWebServer.initialize:92 -Tomcat initialized with port(s): 9000 (http)
2020-03-10 18:58:33.666 INFO [main]org.apache.coyote.http11.Http11NioProtocol.log:173 -Initializing ProtocolHandler ["http-nio-9000"]
2020-03-10 18:58:33.666 INFO [main]org.apache.catalina.core.StandardService.log:173 -Starting service [Tomcat]
2020-03-10 18:58:33.667 INFO [main]org.apache.catalina.core.StandardEngine.log:173 -Starting Servlet engine: [Apache Tomcat/9.0.29]
2020-03-10 18:58:33.805 INFO [main]o.a.catalina.core.ContainerBase.[Tomcat].[localhost].[/].log:173 -Initializing Spring embedded WebApplicationContext
2020-03-10 18:58:33.806 INFO [main]org.springframework.web.context.ContextLoader.prepareWebApplicationContext:284 -Root WebApplicationContext: initialization completed in 1589 ms
2020-03-10 18:58:33.943 INFO [main]org.hibernate.jpa.internal.util.LogHelper.logPersistenceUnitInformation:31 -HHH000204: Processing PersistenceUnitInfo [name: default]
2020-03-10 18:58:34.007 INFO [main]org.hibernate.Version.logVersion:46 -HHH000412: Hibernate Core {5.4.9.Final}
2020-03-10 18:58:34.127 INFO [main]org.hibernate.annotations.common.Version.<clinit>:49 -HCANN000001: Hibernate Commons Annotations {5.1.0.Final}
2020-03-10 18:58:34.214 INFO [main]com.zaxxer.hikari.HikariDataSource.getConnection:110 -HikariPool-1 - Starting...
2020-03-10 18:58:34.484 INFO [main]com.zaxxer.hikari.HikariDataSource.getConnection:123 -HikariPool-1 - Start completed.
2020-03-10 18:58:34.504 INFO [main]org.hibernate.dialect.Dialect.<init>:172 -HHH000400: Using dialect: org.hibernate.dialect.MySQL57Dialect
2020-03-10 18:58:35.013 INFO [main]o.h.e.t.jta.platform.internal.JtaPlatformInitiator.initiateService:52 -HHH000490: Using JtaPlatform implementation: [org.hibernate.engine.transaction.jta.platform.internal.NoJtaPlatform]
2020-03-10 18:58:35.019 INFO [main]o.s.orm.jpa.LocalContainerEntityManagerFactoryBean.buildNativeEntityManagerFactory:416 -Initialized JPA EntityManagerFactory for persistence unit 'default'
2020-03-10 18:58:36.319 WARN [main]o.s.b.a.orm.jpa.JpaBaseConfiguration$JpaWebConfiguration.openEntityManagerInViewInterceptor:220 -spring.jpa.open-in-view is enabled by default. Therefore, database queries may be performed during view rendering. Explicitly configure spring.jpa.open-in-view to disable this warning
2020-03-10 18:58:36.428 INFO [main]o.s.scheduling.concurrent.ThreadPoolTaskExecutor.initialize:171 -Initializing ExecutorService 'applicationTaskExecutor'
2020-03-10 18:58:36.582 INFO [main]org.apache.coyote.http11.Http11NioProtocol.log:173 -Starting ProtocolHandler ["http-nio-9000"]
2020-03-10 18:58:36.603 INFO [main]o.s.boot.web.embedded.tomcat.TomcatWebServer.start:204 -Tomcat started on port(s): 9000 (http) with context path ''
2020-03-10 18:58:36.604 INFO [main]com.sinosoft.CsesApplication.logStarted:61 -Started CsesApplication in 4.976 seconds (JVM running for 5.376)
2020-03-10 18:58:36.605 INFO [main]com.sinosoft.cses.util.AppCache.run:86 -开始初始化数据
2020-03-10 18:58:36.606 INFO [main]com.sinosoft.cses.util.AppCache.initUser:127 -开始用户信息初始化
2020-03-10 18:58:36.720 INFO [main]com.sinosoft.cses.util.AppCache.initUser:136 -用户信息初始化成功
2020-03-10 18:58:36.720 INFO [main]com.sinosoft.cses.util.AppCache.initSystemConfig:105 -开始系统配置项初始化
2020-03-10 18:58:36.764 INFO [main]com.sinosoft.cses.util.AppCache.initSystemConfig:114 -系统配置项初始化成功
2020-03-10 18:58:36.764 INFO [main]com.sinosoft.cses.util.AppCache.initAreaCode:192 -开始地区代码初始化
2020-03-10 18:58:36.807 INFO [main]com.sinosoft.cses.util.AppCache.initAreaCode:203 -地区代码初始化成功
2020-03-10 18:58:36.807 INFO [main]com.sinosoft.cses.util.AppCache.initGlobalVariable:212 -开始全局变量初始化
2020-03-10 18:58:36.842 INFO [main]com.sinosoft.cses.util.AppCache.initGlobalVariable:219 -全局变量初始化成功
2020-03-10 18:58:36.842 INFO [main]com.sinosoft.cses.util.AppCache.initInterface:172 -开始接口初始化
2020-03-10 18:58:36.884 INFO [main]com.sinosoft.cses.util.AppCache.initInterface:176 -接口初始化成功
2020-03-10 18:58:36.884 INFO [main]com.sinosoft.cses.util.AppCache.initExceution:152 -开始业务场景初始化
2020-03-10 18:58:36.919 INFO [main]com.sinosoft.cses.util.AppCache.initExceution:156 -业务场景初始化成功
2020-03-10 18:58:36.919 INFO [main]com.sinosoft.cses.util.AppCache.run:93 -开始初始化数据成功
2020-03-10 18:58:36.957 INFO [main]com.sinosoft.master.controller.InterfacesController.interfacesListToObject:36 -开始查询接口列表！
2020-03-10 18:58:36.957 INFO [main]com.sinosoft.master.controller.InterfacesController.interfacesListToObject:52 -查询成功！
