2020-03-09 18:40:48.131 INFO [main]com.sinosoft.CsesApplication.logStarting:55 -Starting CsesApplication v0.0.1-SNAPSHOT on LAPTOP-LI7FD4B6 with PID 4108 (C:\Users\xj143\Desktop\work\客服\cses\cses-0.0.1-SNAPSHOT.jar started by xujian in C:\Users\xj143\Desktop\work\客服\cses)
2020-03-09 18:40:48.134 INFO [main]com.sinosoft.CsesApplication.logStartupProfileInfo:655 -The following profiles are active: dev
2020-03-09 18:40:48.652 INFO [main]o.s.d.repository.config.RepositoryConfigurationDelegate.registerRepositoriesIn:127 -Bootstrapping Spring Data JPA repositories in DEFAULT mode.
2020-03-09 18:40:48.743 INFO [main]o.s.d.repository.config.RepositoryConfigurationDelegate.registerRepositoriesIn:187 -Finished Spring Data repository scanning in 82ms. Found 9 JPA repository interfaces.
2020-03-09 18:40:49.027 INFO [main]o.s.c.s.PostProcessorRegistrationDelegate$BeanPostProcessorChecker.postProcessAfterInitialization:330 -Bean 'org.springframework.transaction.annotation.ProxyTransactionManagementConfiguration' of type [org.springframework.transaction.annotation.ProxyTransactionManagementConfiguration] is not eligible for getting processed by all BeanPostProcessors (for example: not eligible for auto-proxying)
2020-03-09 18:40:49.849 INFO [main]o.s.boot.web.embedded.tomcat.TomcatWebServer.initialize:92 -Tomcat initialized with port(s): 9000 (http)
2020-03-09 18:40:49.859 INFO [main]org.apache.coyote.http11.Http11NioProtocol.log:173 -Initializing ProtocolHandler ["http-nio-9000"]
2020-03-09 18:40:49.859 INFO [main]org.apache.catalina.core.StandardService.log:173 -Starting service [Tomcat]
2020-03-09 18:40:49.860 INFO [main]org.apache.catalina.core.StandardEngine.log:173 -Starting Servlet engine: [Apache Tomcat/9.0.29]
2020-03-09 18:40:49.917 INFO [main]o.a.catalina.core.ContainerBase.[Tomcat].[localhost].[/].log:173 -Initializing Spring embedded WebApplicationContext
2020-03-09 18:40:49.917 INFO [main]org.springframework.web.context.ContextLoader.prepareWebApplicationContext:284 -Root WebApplicationContext: initialization completed in 1746 ms
2020-03-09 18:40:50.124 INFO [main]org.hibernate.jpa.internal.util.LogHelper.logPersistenceUnitInformation:31 -HHH000204: Processing PersistenceUnitInfo [name: default]
2020-03-09 18:40:50.196 INFO [main]org.hibernate.Version.logVersion:46 -HHH000412: Hibernate Core {5.4.9.Final}
2020-03-09 18:40:50.318 INFO [main]org.hibernate.annotations.common.Version.<clinit>:49 -HCANN000001: Hibernate Commons Annotations {5.1.0.Final}
2020-03-09 18:40:50.413 INFO [main]com.zaxxer.hikari.HikariDataSource.getConnection:110 -HikariPool-1 - Starting...
2020-03-09 18:40:50.667 INFO [main]com.zaxxer.hikari.HikariDataSource.getConnection:123 -HikariPool-1 - Start completed.
2020-03-09 18:40:50.689 INFO [main]org.hibernate.dialect.Dialect.<init>:172 -HHH000400: Using dialect: org.hibernate.dialect.MySQL57Dialect
2020-03-09 18:40:51.199 INFO [main]o.h.e.t.jta.platform.internal.JtaPlatformInitiator.initiateService:52 -HHH000490: Using JtaPlatform implementation: [org.hibernate.engine.transaction.jta.platform.internal.NoJtaPlatform]
2020-03-09 18:40:51.204 INFO [main]o.s.orm.jpa.LocalContainerEntityManagerFactoryBean.buildNativeEntityManagerFactory:416 -Initialized JPA EntityManagerFactory for persistence unit 'default'
2020-03-09 18:40:52.460 WARN [main]o.s.b.a.orm.jpa.JpaBaseConfiguration$JpaWebConfiguration.openEntityManagerInViewInterceptor:220 -spring.jpa.open-in-view is enabled by default. Therefore, database queries may be performed during view rendering. Explicitly configure spring.jpa.open-in-view to disable this warning
2020-03-09 18:40:52.560 INFO [main]o.s.scheduling.concurrent.ThreadPoolTaskExecutor.initialize:171 -Initializing ExecutorService 'applicationTaskExecutor'
2020-03-09 18:40:52.725 INFO [main]org.apache.coyote.http11.Http11NioProtocol.log:173 -Starting ProtocolHandler ["http-nio-9000"]
2020-03-09 18:40:52.749 INFO [main]o.s.boot.web.embedded.tomcat.TomcatWebServer.start:204 -Tomcat started on port(s): 9000 (http) with context path ''
2020-03-09 18:40:52.751 INFO [main]com.sinosoft.CsesApplication.logStarted:61 -Started CsesApplication in 5.192 seconds (JVM running for 5.592)
2020-03-09 18:40:52.752 INFO [main]com.sinosoft.cses.util.AppCache.run:86 -开始初始化数据
2020-03-09 18:40:52.753 INFO [main]com.sinosoft.cses.util.AppCache.initUser:127 -开始用户信息初始化
2020-03-09 18:40:52.884 INFO [main]com.sinosoft.cses.util.AppCache.initUser:136 -用户信息初始化成功
2020-03-09 18:40:52.884 INFO [main]com.sinosoft.cses.util.AppCache.initSystemConfig:105 -开始系统配置项初始化
2020-03-09 18:40:52.939 INFO [main]com.sinosoft.cses.util.AppCache.initSystemConfig:114 -系统配置项初始化成功
2020-03-09 18:40:52.940 INFO [main]com.sinosoft.cses.util.AppCache.initAreaCode:192 -开始地区代码初始化
2020-03-09 18:40:52.987 INFO [main]com.sinosoft.cses.util.AppCache.initAreaCode:203 -地区代码初始化成功
2020-03-09 18:40:52.987 INFO [main]com.sinosoft.cses.util.AppCache.initGlobalVariable:212 -开始全局变量初始化
2020-03-09 18:40:53.027 INFO [main]com.sinosoft.cses.util.AppCache.initGlobalVariable:219 -全局变量初始化成功
2020-03-09 18:40:53.027 INFO [main]com.sinosoft.cses.util.AppCache.initInterface:172 -开始接口初始化
2020-03-09 18:40:53.070 INFO [main]com.sinosoft.cses.util.AppCache.initInterface:176 -接口初始化成功
2020-03-09 18:40:53.071 INFO [main]com.sinosoft.cses.util.AppCache.initExceution:152 -开始业务场景初始化
2020-03-09 18:40:53.110 INFO [main]com.sinosoft.cses.util.AppCache.initExceution:156 -业务场景初始化成功
2020-03-09 18:40:53.111 INFO [main]com.sinosoft.cses.util.AppCache.run:93 -开始初始化数据成功
2020-03-09 18:40:53.152 INFO [main]com.sinosoft.master.controller.InterfacesController.interfacesListToObject:36 -开始查询接口列表！
2020-03-09 18:40:53.153 INFO [main]com.sinosoft.master.controller.InterfacesController.interfacesListToObject:52 -查询成功！
2020-03-09 18:41:01.467 INFO [AWT-EventQueue-0]com.sinosoft.cses.util.AppCache.initGlobalVariable:212 -开始全局变量初始化
2020-03-09 18:41:01.499 INFO [AWT-EventQueue-0]com.sinosoft.cses.util.AppCache.initGlobalVariable:219 -全局变量初始化成功
2020-03-09 18:41:23.563 INFO [AWT-EventQueue-0]org.quartz.impl.StdSchedulerFactory.instantiate:1208 -Using default implementation for ThreadExecutor
2020-03-09 18:41:23.566 INFO [AWT-EventQueue-0]org.quartz.simpl.SimpleThreadPool.initialize:268 -Job execution threads will use class loader of thread: AWT-EventQueue-0
2020-03-09 18:41:23.577 INFO [AWT-EventQueue-0]org.quartz.core.SchedulerSignalerImpl.<init>:61 -Initialized Scheduler Signaller of type: class org.quartz.core.SchedulerSignalerImpl
2020-03-09 18:41:23.577 INFO [AWT-EventQueue-0]org.quartz.core.QuartzScheduler.<init>:229 -Quartz Scheduler v.2.3.0 created.
2020-03-09 18:41:23.578 INFO [AWT-EventQueue-0]org.quartz.simpl.RAMJobStore.initialize:155 -RAMJobStore initialized.
2020-03-09 18:41:23.580 INFO [AWT-EventQueue-0]org.quartz.core.QuartzScheduler.initialize:294 -Scheduler meta-data: Quartz Scheduler (v2.3.0) 'DefaultQuartzScheduler' with instanceId 'NON_CLUSTERED'
  Scheduler class: 'org.quartz.core.QuartzScheduler' - running locally.
  NOT STARTED.
  Currently in standby mode.
  Number of jobs executed: 0
  Using thread pool 'org.quartz.simpl.SimpleThreadPool' - with 10 threads.
  Using job-store 'org.quartz.simpl.RAMJobStore' - which does not support persistence. and is not clustered.

2020-03-09 18:41:23.580 INFO [AWT-EventQueue-0]org.quartz.impl.StdSchedulerFactory.instantiate:1362 -Quartz scheduler 'DefaultQuartzScheduler' initialized from default resource file in Quartz package: 'quartz.properties'
2020-03-09 18:41:23.580 INFO [AWT-EventQueue-0]org.quartz.impl.StdSchedulerFactory.instantiate:1366 -Quartz scheduler version: 2.3.0
2020-03-09 18:41:23.587 INFO [AWT-EventQueue-0]org.quartz.core.QuartzScheduler.start:547 -Scheduler DefaultQuartzScheduler_$_NON_CLUSTERED started.
2020-03-09 18:49:15.287 INFO [SpringContextShutdownHook]o.s.scheduling.concurrent.ThreadPoolTaskExecutor.shutdown:208 -Shutting down ExecutorService 'applicationTaskExecutor'
2020-03-09 18:49:15.290 INFO [SpringContextShutdownHook]o.s.orm.jpa.LocalContainerEntityManagerFactoryBean.destroy:598 -Closing JPA EntityManagerFactory for persistence unit 'default'
2020-03-09 18:49:15.294 INFO [SpringContextShutdownHook]com.zaxxer.hikari.HikariDataSource.close:350 -HikariPool-1 - Shutdown initiated...
2020-03-09 18:49:15.299 INFO [SpringContextShutdownHook]com.zaxxer.hikari.HikariDataSource.close:352 -HikariPool-1 - Shutdown completed.
