2020-03-10 18:55:17.653 INFO [AWT-EventQueue-0]shandong.doExecution:152 -当前业务场景是交强险投保查询
2020-03-10 18:55:17.656 INFO [AWT-EventQueue-0]shandong.doExecution:153 -当前地区是山东:370000
2020-03-10 18:55:17.656 INFO [AWT-EventQueue-0]shandong.doExecution:154 -当前业务场景的uuid是bbad320513204615a82554bfb3d100d3
2020-03-10 18:55:17.704 INFO [AWT-EventQueue-0]shandong.doExecution:179 -开始执行 投保查询
2020-03-10 18:55:17.704 INFO [AWT-EventQueue-0]shandong.doExecution:180 -执行时间开始时间 2020-03-10 18:55:17
2020-03-10 18:55:17.704 INFO [AWT-EventQueue-0]shandong.doExecution:187 -访问路劲是http://localhost:8080/sinoiaci/commserver
2020-03-10 18:55:17.704 INFO [AWT-EventQueue-0]shandong.doExecution:188 -请求报文 ：<?xml version="1.0" encoding="GB2312"?>
<PACKET type="REQUEST" version="1.0" >
	<HEAD>
		<REQUEST_TYPE>01</REQUEST_TYPE>
		<USER>PICC5100</USER>
		<PASSWORD>123456</PASSWORD>
	</HEAD>
	<BODY>
		<BASE_PART>
			<QUERY_SEQUENCE_NO></QUERY_SEQUENCE_NO>
			<!--投保询价号-->
			<CHECK_TYPE>2</CHECK_TYPE>
			<!--投保查询校验方法代码-->
			<CAR_MARK>川RQAA34</CAR_MARK>
			<!--号牌号码-->
			<VEHICLE_TYPE>01</VEHICLE_TYPE>
			<!--号牌种类代码-->
			<VEHICLE_CATEGORY>11</VEHICLE_CATEGORY>
			<!--车辆种类代码-->
			<USE_TYPE>210</USE_TYPE>
			<!--车辆使用性质代码-->
			<ENGINE_NO>PWJHPWEH201AA0W34</ENGINE_NO>
			<!--发动机号-->
			<RACK_NO>PWJHPWEH201AA0W34</RACK_NO>
			<!--车架号/VIN码-->
			<USE_AGES></USE_AGES>
			<!--已使用年限-->
			<MILEAGES></MILEAGES>
			<!--已行驶总里程(公里)-->
			<NEW_VEHICLE_FLAG>0</NEW_VEHICLE_FLAG>
			<!--未上牌车辆标志 1未上牌-->
			<ECDEMIC_VEHICLE_FLAG></ECDEMIC_VEHICLE_FLAG>
			<!--外地车标志-->
			<MADE_FACTORY></MADE_FACTORY>
			<!--制造厂名称-->
			<VEHICLE_BRAND>bwm</VEHICLE_BRAND>
			<!--车辆品牌-->
			<VEHICLE_MODEL>320</VEHICLE_MODEL>
			<!--车辆型号-->
			<DRIVER_NUM></DRIVER_NUM>
			<!--指定驾驶员数量-->
			<SPECIAL_CAR_FLAG></SPECIAL_CAR_FLAG>
			<!--特殊车投保标志-->
<VEHICLE_REGISTER_DATE>20180205</VEHICLE_REGISTER_DATE>
<!--车辆初始登记日期-->
			<NO_DAMAGE_YEARS></NO_DAMAGE_YEARS>
			<!--跨省首年投保未出险证明的年数（整数）-->
			<VEHICLE_STYLE>K31</VEHICLE_STYLE>
			<!--交管车辆类型代码-->
			<LIMIT_LOAD_PERSON>5</LIMIT_LOAD_PERSON>
			<!--核定载客人数-->
			<LIMIT_LOAD>1000</LIMIT_LOAD>
			<!--核定载质量-->
			<WHOLE_WEIGHT>0</WHOLE_WEIGHT>
			<!--整备质量-->
			<DISPLACEMENT>1997</DISPLACEMENT>
			<!--排量-->
			<POWER>1000</POWER>
			<!--功率-->
			<OWNER_NAME>张三</OWNER_NAME>
			<!--车主名称-->
			<OWNER_TYPE>1</OWNER_TYPE>
			<!--车主类别代码-->
			<SALES_CHANNEL>54</SALES_CHANNEL>
			<!--销售渠道代码-->
			<BY_BUSINESS_AGENT></BY_BUSINESS_AGENT>
			<!--兼业代理渠道代码-->
			<SUBORDINATE_CODE>1233</SUBORDINATE_CODE>
			<!--保险公司分支机构代码（保险公司的内部编码）-->
			<FUEL_TYPE>0</FUEL_TYPE>
			<!--能源种类代码-->
			<CAR_NAME>A5</CAR_NAME>
			<!--车款名称-->
		</BASE_PART>
		
		<!--<DRIVER_LIST>
			<DRIVER>
				<LICENSE_NO>川A88888</LICENSE_NO>

				<CERTI_TYPE>01</CERTI_TYPE >

				<IS_MASTER></IS_MASTER>

				<AREA></AREA>

				<GENDER></GENDER>

				<DRIVER_PERIOD></DRIVER_PERIOD>

				<AGE></AGE>

				<DRIVER_TYPE></DRIVER_TYPE>
			
			</DRIVER>
		</DRIVER_LIST>-->	
		
		<COVERAGE_LIST>
			<!--投保险种信息-->
			<COVERAGE>
				<COVERAGE_TYPE>1</COVERAGE_TYPE>
				<!--险种类型代码-->
				<COVERAGE_CODE>100</COVERAGE_CODE>
				<!--险种代码-->
				<LIMIT_AMOUNT>-40000</LIMIT_AMOUNT>
				<!--总赔偿限额-->
<START_DATE>202003131011</START_DATE>
<!--保险起期-->
<END_DATE>202103131011</END_DATE>
<!--保险止期-->
				<BILL_DATE>20200301</BILL_DATE>
				<!--出单/签单日期-->
				<CITY_CODE>510100</CITY_CODE>
				<!--保单归属地（地市）-->
				<COUNTY_CODE>510105</COUNTY_CODE>
				<!--保单归属地（县区）-->			
			</COVERAGE>
		</COVERAGE_LIST>
		
		<COMMISSION_AGENT>
		<!--手续费代理人信息-->
			<Certificate_No>1023</Certificate_No>
			<!--中介机构许可证号/个人代理资格证号-->
			<Individual_Producer_Code>2233</Individual_Producer_Code>
			<!--中介机构代码（保险公司的内部编码）-->
			<INDIVIDUAL_PRODUCER_NAME>sc</INDIVIDUAL_PRODUCER_NAME>
		</COMMISSION_AGENT>
		
		<THIRD_PATRY_INFO>
			<!--第三方-->
				<IS_THIRD_BUSSINESS>0</IS_THIRD_BUSSINESS>
				<RECORD_CODE>123</RECORD_CODE>
	    </THIRD_PATRY_INFO>
				
    <VehicleTaxation_NB>
				<TaxTermTypeCode>08</TaxTermTypeCode>
				<!--税种类型代码-->
				<TaxConditionCode>P</TaxConditionCode>
				<!--纳税类型代码-->
				<TaxRegistryNumber>320102136160586</TaxRegistryNumber>
				<!--税务登记证号-->
				<TaxPayerName>李四 </TaxPayerName>
				<!--纳税人名称-->
				<TaxPayerIdentificationCode>142303198808284112</TaxPayerIdentificationCode>
				<!--纳税人识别号-->
			<CurrentTaxDue>
				<TaxLocationCode></TaxLocationCode>
				<!--纳税地区代码，国标地区代码-->
				<TaxStartDate>20180101</TaxStartDate>
				<!--税款所属始期；格式YYYYMMDD-->
				<TaxEndDate>20190101</TaxEndDate>
				<!--税款所属止期；格式YYYYMMDD-->
				<DeclareDate>20121015</DeclareDate>
				<!--申报日期；格式YYYYMMDD-->
				<TaxDepartmentCode>123</TaxDepartmentCode>
				<!--开具完税凭证的税务机关代码-->
				<TaxDepartment>北京</TaxDepartment>
				<!--开具完税凭证的税务机关名称-->
				<TaxDocumentNumber>123321</TaxDocumentNumber>
				<!--完税凭证号码-->
				<TaxDocumentDate>20181101</TaxDocumentDate>
				<!--完税凭证填发日期-->
				<TaxPaidAreaCode>420100</TaxPaidAreaCode>
				<!--开具完税凭证地区代码-->				
				<AnnualTaxAmount></AnnualTaxAmount>
				<!--当期年单位税额-->
				<TaxRate>
					<AppliedArea></AppliedArea>
					<!--适用区域（国标行政区划代码）-->
					<TaxRateIdentifier></TaxRateIdentifier>
					<!--税率方案代码-->
					<TaxItemDetailCode></TaxItemDetailCode>
					<!--税务机关交通工具分类代码-->
					<TaxUnitTypeCode></TaxUnitTypeCode>
					<!--计税单位代码-->
					<UnitRate></UnitRate>
					<!--单位计税金额-->
					<TaxRateStartDate></TaxRateStartDate>
					<!--适用期限起期；格式YYYYMMDD-->
					<TaxRateEndDate></TaxRateEndDate>
				  <!--适用期限止期；格式YYYYMMDD-->
				</TaxRate>
				<Derate>
					<DeductionDueCode></DeductionDueCode>
					<!--减免税原因代码-->
					<DeductionDueType></DeductionDueType>
					<!--减免税方案代码-->
					<DeductionDueProportion></DeductionDueProportion>
					<!--减免比例-->
					<Deduction></Deduction>
					<!--减免金额-->
					<DeductionDocumentNumber></DeductionDocumentNumber>
					<!--减免税凭证号-->
					<TaxDepartmentCode></TaxDepartmentCode>
					<!--税务机关代码-->
					<TaxDepartment></TaxDepartment>
					<!--税务机关名称-->
				</Derate>
				<TaxDue></TaxDue>
				<!--当期应纳税额-->
				<ExceedDate></ExceedDate>
				<!--逾期时间-->
				<ExceedDaysCount></ExceedDaysCount>
				<!--逾期天数-->
				<OverDue></OverDue>
				<!--滞纳金-->
				<TotalAmount>123456</TotalAmount>
				<!--合计金额-->
			</CurrentTaxDue>
			
			<DelinquentTaxDue>
				<TaxLocationCode>420100</TaxLocationCode>
				<!--纳税地区代码，国标地区代码-->
				<TaxStartDate>20160101</TaxStartDate>
				<!--税款所属始期；格式YYYYMMDD-->
				<TaxEndDate>20170101</TaxEndDate>
				<!--税款所属止期；格式YYYYMMDD-->
				<DeclareDate>20121015</DeclareDate>
				<!--申报日期；格式YYYYMMDD-->
				<TaxDepartmentCode>123456</TaxDepartmentCode>
				<!--开具完税凭证的税务机关代码-->
				<TaxDepartment>北京</TaxDepartment>
				<!--开具完税凭证的税务机关名称-->
				<TaxDocumentNumber>666666</TaxDocumentNumber>
				<!--完税凭证号码-->
				
				<TaxDocumentDate>20181114</TaxDocumentDate>
				<!--完税凭证填发日期-->
				<TaxPaidAreaCode>420100</TaxPaidAreaCode>
				<!--开具完税凭证地区代码-->		
				
				
				
				<AnnualTaxAmount></AnnualTaxAmount>
				<!--当期年单位税额-->
				<TaxRate>
					<AppliedArea></AppliedArea>
					<!--适用区域（国标行政区划代码）-->
					<TaxRateIdentifier></TaxRateIdentifier>
					<!--税率方案代码-->
					<TaxItemDetailCode></TaxItemDetailCode>
					<!--税务机关交通工具分类代码-->
					<TaxUnitTypeCode></TaxUnitTypeCode>
					<!--计税单位代码-->
					<UnitRate></UnitRate>
					<!--单位计税金额-->
					<TaxRateStartDate></TaxRateStartDate>
					<!--适用期限起期；格式YYYYMMDD-->
					<TaxRateEndDate></TaxRateEndDate>
				  <!--适用期限止期；格式YYYYMMDD-->
				</TaxRate>
				<Derate>
					<DeductionDueCode></DeductionDueCode>
					<!--减免税原因代码-->
					<DeductionDueType></DeductionDueType>
					<!--减免税方案代码-->
					<DeductionDueProportion></DeductionDueProportion>
					<!--减免比例-->
					<Deduction></Deduction>
					<!--减免金额-->
					<DeductionDocumentNumber></DeductionDocumentNumber>
					<!--减免税凭证号-->
					<TaxDepartmentCode></TaxDepartmentCode>
					<!--税务机关代码-->
					<TaxDepartment></TaxDepartment>
					<!--税务机关名称-->
				</Derate>
				<TaxDue></TaxDue>
				<!--当期应纳税额-->
				<ExceedDate></ExceedDate>
				<!--逾期时间-->
				<ExceedDaysCount></ExceedDaysCount>
				<!--逾期天数-->
				<OverDue></OverDue>
				<!--滞纳金-->
				<TotalAmount></TotalAmount>
				<!--合计金额-->
			</DelinquentTaxDue>
			
			<AnnualTaxDue></AnnualTaxDue>
			<!--本年应交额度-->
			<SumTaxDefault></SumTaxDefault>
			<!--合计欠税金额-->
			<SumOverdue></SumOverdue>
			<!--合计滞纳金-->
			<SumTax></SumTax>
			<!--合计金额-->
			<TaxDescription></TaxDescription>
			<!--附加信息-->
			
			
    </VehicleTaxation_NB>			

    <VehicleTaxation>
			<TaxTermTypeCode>08</TaxTermTypeCode>
			<!--税种类型代码-->
			<TaxConditionCode>P</TaxConditionCode>
			<!--纳税类型代码-->
			<TaxRegistryNumber>320102136160586</TaxRegistryNumber>
			<!--税务登记证号-->
			<TaxPayerName>李四</TaxPayerName>
			<!--纳税人名称-->
			<TaxPayerIdentificationCode>142303198808284112</TaxPayerIdentificationCode>
			<!--纳税人识别号-->
			<DeclareDate></DeclareDate>
			<!--申报日期-->
			<CurrentTaxDue>
				<TaxLocationCode></TaxLocationCode>
				<!--纳税地区代码，国标地区代码-->
				<TaxStartDate></TaxStartDate>
				<!--税款所属始期；格式YYYYMMDD-->
				<TaxEndDate></TaxEndDate>
				<!--税款所属止期；格式YYYYMMDD-->
				<TaxUnitTypeCode></TaxUnitTypeCode>
				<!--计税单位代码-->
				<UnitRate></UnitRate>
				<!--单位计税金额-->
				<AnnualTaxAmount></AnnualTaxAmount>
				<!--当期年单位税额-->
				<Paid>
					<TaxDepartmentCode>123123</TaxDepartmentCode>
					<!--开具完税凭证的税务机关代码-->
					<TaxDepartment>123123</TaxDepartment>
					<!--开具完税凭证的税务机关名称-->
					<TaxDocumentNumber>123123</TaxDocumentNumber>
					<!--完税凭证号码-->
					<TaxDocumentDate>20181120</TaxDocumentDate>
				<!--完税凭证填发日期-->
				<TaxPaidAreaCode>440300</TaxPaidAreaCode>
				<!--开具完税凭证地区代码-->		
				</Paid>
				
				
				
				<Derate>
					<DeductionDueCode></DeductionDueCode>
					<!--减免税原因代码-->
					<DeductionDueType></DeductionDueType>
					<!--减免税方案代码-->
					<DeductionDueProportion></DeductionDueProportion>
					<!--减免比例-->
					<Deduction></Deduction>
					<!--减免金额-->
					<DeductionDocumentNumber></DeductionDocumentNumber>
					<!--减免税凭证号-->
					<TaxDepartmentCode></TaxDepartmentCode>
					<!--税务机关代码-->
					<TaxDepartment></TaxDepartment>
					<!--税务机关名称-->
				</Derate>
				<TaxDue></TaxDue>
				<!--当期应纳税额-->
				<ExceedDate></ExceedDate>
				<!--逾期时间-->
				<ExceedDaysCount></ExceedDaysCount>
				<!--逾期天数-->
				<OverDue></OverDue>
				<!--滞纳金-->
				<TotalAmount></TotalAmount>
				<!--合计金额-->
			</CurrentTaxDue>
			<DelinquentTaxDue>
				<TaxLocationCode></TaxLocationCode>
				<!--纳税地区代码，国标地区代码-->
				<TaxStartDate></TaxStartDate>
				<!--税款所属始期；格式YYYYMMDD-->
				<TaxEndDate></TaxEndDate>
				<!--税款所属止期；格式YYYYMMDD-->
				<TaxUnitTypeCode></TaxUnitTypeCode>
				<!--计税单位代码-->
				<UnitRate></UnitRate>
				<!--单位计税金额-->
				<AnnualTaxAmount></AnnualTaxAmount>
				<!--当期年单位税额-->
				<Paid>
					<TaxDepartmentCode>12312</TaxDepartmentCode>
					<!--开具完税凭证的税务机关代码-->
					<TaxDepartment>12</TaxDepartment>
					<!--开具完税凭证的税务机关名称-->
					
					<TaxDocumentNumber>123123</TaxDocumentNumber>
					<!--完税凭证号码-->
					<TaxDocumentDate>20180101</TaxDocumentDate>
				  <!--完税凭证填发日期-->
				  <TaxPaidAreaCode>420000</TaxPaidAreaCode>
				  <!--开具完税凭证地区代码-->		
				
				</Paid>
				<Derate>
					<DeductionDueCode></DeductionDueCode>
					<!--减免税原因代码-->
					<DeductionDueType></DeductionDueType>
					<!--减免税方案代码-->
					<DeductionDueProportion></DeductionDueProportion>
					<!--减免比例-->
					<Deduction></Deduction>
					<!--减免金额-->
					<DeductionDocumentNumber></DeductionDocumentNumber>
					<!--减免税凭证号-->
					<TaxDepartmentCode></TaxDepartmentCode>
					<!--税务机关代码-->
					<TaxDepartment></TaxDepartment>
					<!--税务机关名称-->
				</Derate>
				<TaxDue></TaxDue>
				<!--当期应纳税额-->
				<ExceedDate></ExceedDate>
				<!--逾期时间-->
				<ExceedDaysCount></ExceedDaysCount>
				<!--逾期天数-->
				<OverDue></OverDue>
				<!--滞纳金-->
				<TotalAmount></TotalAmount>
				<!--合计金额-->
			</DelinquentTaxDue>
			<TaxAmount>
				<TaxAmount_Flag>1</TaxAmount_Flag>
				<!--车船税合计金额标识代码-->	
				<AnnualTaxDue></AnnualTaxDue>
				<!--本年车船税金额-->
				<SumTaxDefault></SumTaxDefault>
				<!--合计欠税金额-->
				<SumOverdue></SumOverdue>
				<!--合计滞纳金-->
				<SumTax>110</SumTax>
				<!--合计金额-->
			</TaxAmount>
			<Declare_Status_IA></Declare_Status_IA>
			<!--车船税申报状态-->
			<Calc_Tax_Flag></Calc_Tax_Flag>
			<!--算税标识-->
    </VehicleTaxation>


	</BODY>
</PACKET>
2020-03-10 18:55:19.761 INFO [AWT-EventQueue-0]shandong.doExecution:227 -该接口访问失败 ，错误信息是 Connection refused: connect
2020-03-10 18:57:30.328 INFO [AWT-EventQueue-0]shandong.doExecution:152 -当前业务场景是交强险投保查询
2020-03-10 18:57:30.328 INFO [AWT-EventQueue-0]shandong.doExecution:153 -当前地区是山东:370000
2020-03-10 18:57:30.328 INFO [AWT-EventQueue-0]shandong.doExecution:154 -当前业务场景的uuid是3f33dc12f84c48d39854c1ea3e7e3d04
2020-03-10 18:57:30.392 INFO [AWT-EventQueue-0]shandong.doExecution:179 -开始执行 投保查询
2020-03-10 18:57:30.392 INFO [AWT-EventQueue-0]shandong.doExecution:180 -执行时间开始时间 2020-03-10 18:57:30
2020-03-10 18:57:30.393 INFO [AWT-EventQueue-0]shandong.doExecution:187 -访问路劲是http://123.57.216.177:8080/sinoiaci/commserver
2020-03-10 18:57:30.393 INFO [AWT-EventQueue-0]shandong.doExecution:188 -请求报文 ：<?xml version="1.0" encoding="GB2312"?>
<PACKET type="REQUEST" version="1.0" >
	<HEAD>
		<REQUEST_TYPE>01</REQUEST_TYPE>
		<USER>PICC5100</USER>
		<PASSWORD>123456</PASSWORD>
	</HEAD>
	<BODY>
		<BASE_PART>
			<QUERY_SEQUENCE_NO></QUERY_SEQUENCE_NO>
			<!--投保询价号-->
			<CHECK_TYPE>2</CHECK_TYPE>
			<!--投保查询校验方法代码-->
			<CAR_MARK>川RQAA34</CAR_MARK>
			<!--号牌号码-->
			<VEHICLE_TYPE>01</VEHICLE_TYPE>
			<!--号牌种类代码-->
			<VEHICLE_CATEGORY>11</VEHICLE_CATEGORY>
			<!--车辆种类代码-->
			<USE_TYPE>210</USE_TYPE>
			<!--车辆使用性质代码-->
			<ENGINE_NO>PWJHPWEH201AA0W34</ENGINE_NO>
			<!--发动机号-->
			<RACK_NO>PWJHPWEH201AA0W34</RACK_NO>
			<!--车架号/VIN码-->
			<USE_AGES></USE_AGES>
			<!--已使用年限-->
			<MILEAGES></MILEAGES>
			<!--已行驶总里程(公里)-->
			<NEW_VEHICLE_FLAG>0</NEW_VEHICLE_FLAG>
			<!--未上牌车辆标志 1未上牌-->
			<ECDEMIC_VEHICLE_FLAG></ECDEMIC_VEHICLE_FLAG>
			<!--外地车标志-->
			<MADE_FACTORY></MADE_FACTORY>
			<!--制造厂名称-->
			<VEHICLE_BRAND>bwm</VEHICLE_BRAND>
			<!--车辆品牌-->
			<VEHICLE_MODEL>320</VEHICLE_MODEL>
			<!--车辆型号-->
			<DRIVER_NUM></DRIVER_NUM>
			<!--指定驾驶员数量-->
			<SPECIAL_CAR_FLAG></SPECIAL_CAR_FLAG>
			<!--特殊车投保标志-->
<VEHICLE_REGISTER_DATE>20180205</VEHICLE_REGISTER_DATE>
<!--车辆初始登记日期-->
			<NO_DAMAGE_YEARS></NO_DAMAGE_YEARS>
			<!--跨省首年投保未出险证明的年数（整数）-->
			<VEHICLE_STYLE>K31</VEHICLE_STYLE>
			<!--交管车辆类型代码-->
			<LIMIT_LOAD_PERSON>5</LIMIT_LOAD_PERSON>
			<!--核定载客人数-->
			<LIMIT_LOAD>1000</LIMIT_LOAD>
			<!--核定载质量-->
			<WHOLE_WEIGHT>0</WHOLE_WEIGHT>
			<!--整备质量-->
			<DISPLACEMENT>1997</DISPLACEMENT>
			<!--排量-->
			<POWER>1000</POWER>
			<!--功率-->
			<OWNER_NAME>张三</OWNER_NAME>
			<!--车主名称-->
			<OWNER_TYPE>1</OWNER_TYPE>
			<!--车主类别代码-->
			<SALES_CHANNEL>54</SALES_CHANNEL>
			<!--销售渠道代码-->
			<BY_BUSINESS_AGENT></BY_BUSINESS_AGENT>
			<!--兼业代理渠道代码-->
			<SUBORDINATE_CODE>1233</SUBORDINATE_CODE>
			<!--保险公司分支机构代码（保险公司的内部编码）-->
			<FUEL_TYPE>0</FUEL_TYPE>
			<!--能源种类代码-->
			<CAR_NAME>A5</CAR_NAME>
			<!--车款名称-->
		</BASE_PART>
		
		<!--<DRIVER_LIST>
			<DRIVER>
				<LICENSE_NO>川A88888</LICENSE_NO>

				<CERTI_TYPE>01</CERTI_TYPE >

				<IS_MASTER></IS_MASTER>

				<AREA></AREA>

				<GENDER></GENDER>

				<DRIVER_PERIOD></DRIVER_PERIOD>

				<AGE></AGE>

				<DRIVER_TYPE></DRIVER_TYPE>
			
			</DRIVER>
		</DRIVER_LIST>-->	
		
		<COVERAGE_LIST>
			<!--投保险种信息-->
			<COVERAGE>
				<COVERAGE_TYPE>1</COVERAGE_TYPE>
				<!--险种类型代码-->
				<COVERAGE_CODE>100</COVERAGE_CODE>
				<!--险种代码-->
				<LIMIT_AMOUNT>-40000</LIMIT_AMOUNT>
				<!--总赔偿限额-->
<START_DATE>202003131011</START_DATE>
<!--保险起期-->
<END_DATE>202103131011</END_DATE>
<!--保险止期-->
				<BILL_DATE>20200301</BILL_DATE>
				<!--出单/签单日期-->
				<CITY_CODE>510100</CITY_CODE>
				<!--保单归属地（地市）-->
				<COUNTY_CODE>510105</COUNTY_CODE>
				<!--保单归属地（县区）-->			
			</COVERAGE>
		</COVERAGE_LIST>
		
		<COMMISSION_AGENT>
		<!--手续费代理人信息-->
			<Certificate_No>1023</Certificate_No>
			<!--中介机构许可证号/个人代理资格证号-->
			<Individual_Producer_Code>2233</Individual_Producer_Code>
			<!--中介机构代码（保险公司的内部编码）-->
			<INDIVIDUAL_PRODUCER_NAME>sc</INDIVIDUAL_PRODUCER_NAME>
		</COMMISSION_AGENT>
		
		<THIRD_PATRY_INFO>
			<!--第三方-->
				<IS_THIRD_BUSSINESS>0</IS_THIRD_BUSSINESS>
				<RECORD_CODE>123</RECORD_CODE>
	    </THIRD_PATRY_INFO>
				
    <VehicleTaxation_NB>
				<TaxTermTypeCode>08</TaxTermTypeCode>
				<!--税种类型代码-->
				<TaxConditionCode>P</TaxConditionCode>
				<!--纳税类型代码-->
				<TaxRegistryNumber>320102136160586</TaxRegistryNumber>
				<!--税务登记证号-->
				<TaxPayerName>李四 </TaxPayerName>
				<!--纳税人名称-->
				<TaxPayerIdentificationCode>142303198808284112</TaxPayerIdentificationCode>
				<!--纳税人识别号-->
			<CurrentTaxDue>
				<TaxLocationCode></TaxLocationCode>
				<!--纳税地区代码，国标地区代码-->
				<TaxStartDate>20180101</TaxStartDate>
				<!--税款所属始期；格式YYYYMMDD-->
				<TaxEndDate>20190101</TaxEndDate>
				<!--税款所属止期；格式YYYYMMDD-->
				<DeclareDate>20121015</DeclareDate>
				<!--申报日期；格式YYYYMMDD-->
				<TaxDepartmentCode>123</TaxDepartmentCode>
				<!--开具完税凭证的税务机关代码-->
				<TaxDepartment>北京</TaxDepartment>
				<!--开具完税凭证的税务机关名称-->
				<TaxDocumentNumber>123321</TaxDocumentNumber>
				<!--完税凭证号码-->
				<TaxDocumentDate>20181101</TaxDocumentDate>
				<!--完税凭证填发日期-->
				<TaxPaidAreaCode>420100</TaxPaidAreaCode>
				<!--开具完税凭证地区代码-->				
				<AnnualTaxAmount></AnnualTaxAmount>
				<!--当期年单位税额-->
				<TaxRate>
					<AppliedArea></AppliedArea>
					<!--适用区域（国标行政区划代码）-->
					<TaxRateIdentifier></TaxRateIdentifier>
					<!--税率方案代码-->
					<TaxItemDetailCode></TaxItemDetailCode>
					<!--税务机关交通工具分类代码-->
					<TaxUnitTypeCode></TaxUnitTypeCode>
					<!--计税单位代码-->
					<UnitRate></UnitRate>
					<!--单位计税金额-->
					<TaxRateStartDate></TaxRateStartDate>
					<!--适用期限起期；格式YYYYMMDD-->
					<TaxRateEndDate></TaxRateEndDate>
				  <!--适用期限止期；格式YYYYMMDD-->
				</TaxRate>
				<Derate>
					<DeductionDueCode></DeductionDueCode>
					<!--减免税原因代码-->
					<DeductionDueType></DeductionDueType>
					<!--减免税方案代码-->
					<DeductionDueProportion></DeductionDueProportion>
					<!--减免比例-->
					<Deduction></Deduction>
					<!--减免金额-->
					<DeductionDocumentNumber></DeductionDocumentNumber>
					<!--减免税凭证号-->
					<TaxDepartmentCode></TaxDepartmentCode>
					<!--税务机关代码-->
					<TaxDepartment></TaxDepartment>
					<!--税务机关名称-->
				</Derate>
				<TaxDue></TaxDue>
				<!--当期应纳税额-->
				<ExceedDate></ExceedDate>
				<!--逾期时间-->
				<ExceedDaysCount></ExceedDaysCount>
				<!--逾期天数-->
				<OverDue></OverDue>
				<!--滞纳金-->
				<TotalAmount>123456</TotalAmount>
				<!--合计金额-->
			</CurrentTaxDue>
			
			<DelinquentTaxDue>
				<TaxLocationCode>420100</TaxLocationCode>
				<!--纳税地区代码，国标地区代码-->
				<TaxStartDate>20160101</TaxStartDate>
				<!--税款所属始期；格式YYYYMMDD-->
				<TaxEndDate>20170101</TaxEndDate>
				<!--税款所属止期；格式YYYYMMDD-->
				<DeclareDate>20121015</DeclareDate>
				<!--申报日期；格式YYYYMMDD-->
				<TaxDepartmentCode>123456</TaxDepartmentCode>
				<!--开具完税凭证的税务机关代码-->
				<TaxDepartment>北京</TaxDepartment>
				<!--开具完税凭证的税务机关名称-->
				<TaxDocumentNumber>666666</TaxDocumentNumber>
				<!--完税凭证号码-->
				
				<TaxDocumentDate>20181114</TaxDocumentDate>
				<!--完税凭证填发日期-->
				<TaxPaidAreaCode>420100</TaxPaidAreaCode>
				<!--开具完税凭证地区代码-->		
				
				
				
				<AnnualTaxAmount></AnnualTaxAmount>
				<!--当期年单位税额-->
				<TaxRate>
					<AppliedArea></AppliedArea>
					<!--适用区域（国标行政区划代码）-->
					<TaxRateIdentifier></TaxRateIdentifier>
					<!--税率方案代码-->
					<TaxItemDetailCode></TaxItemDetailCode>
					<!--税务机关交通工具分类代码-->
					<TaxUnitTypeCode></TaxUnitTypeCode>
					<!--计税单位代码-->
					<UnitRate></UnitRate>
					<!--单位计税金额-->
					<TaxRateStartDate></TaxRateStartDate>
					<!--适用期限起期；格式YYYYMMDD-->
					<TaxRateEndDate></TaxRateEndDate>
				  <!--适用期限止期；格式YYYYMMDD-->
				</TaxRate>
				<Derate>
					<DeductionDueCode></DeductionDueCode>
					<!--减免税原因代码-->
					<DeductionDueType></DeductionDueType>
					<!--减免税方案代码-->
					<DeductionDueProportion></DeductionDueProportion>
					<!--减免比例-->
					<Deduction></Deduction>
					<!--减免金额-->
					<DeductionDocumentNumber></DeductionDocumentNumber>
					<!--减免税凭证号-->
					<TaxDepartmentCode></TaxDepartmentCode>
					<!--税务机关代码-->
					<TaxDepartment></TaxDepartment>
					<!--税务机关名称-->
				</Derate>
				<TaxDue></TaxDue>
				<!--当期应纳税额-->
				<ExceedDate></ExceedDate>
				<!--逾期时间-->
				<ExceedDaysCount></ExceedDaysCount>
				<!--逾期天数-->
				<OverDue></OverDue>
				<!--滞纳金-->
				<TotalAmount></TotalAmount>
				<!--合计金额-->
			</DelinquentTaxDue>
			
			<AnnualTaxDue></AnnualTaxDue>
			<!--本年应交额度-->
			<SumTaxDefault></SumTaxDefault>
			<!--合计欠税金额-->
			<SumOverdue></SumOverdue>
			<!--合计滞纳金-->
			<SumTax></SumTax>
			<!--合计金额-->
			<TaxDescription></TaxDescription>
			<!--附加信息-->
			
			
    </VehicleTaxation_NB>			

    <VehicleTaxation>
			<TaxTermTypeCode>08</TaxTermTypeCode>
			<!--税种类型代码-->
			<TaxConditionCode>P</TaxConditionCode>
			<!--纳税类型代码-->
			<TaxRegistryNumber>320102136160586</TaxRegistryNumber>
			<!--税务登记证号-->
			<TaxPayerName>李四</TaxPayerName>
			<!--纳税人名称-->
			<TaxPayerIdentificationCode>142303198808284112</TaxPayerIdentificationCode>
			<!--纳税人识别号-->
			<DeclareDate></DeclareDate>
			<!--申报日期-->
			<CurrentTaxDue>
				<TaxLocationCode></TaxLocationCode>
				<!--纳税地区代码，国标地区代码-->
				<TaxStartDate></TaxStartDate>
				<!--税款所属始期；格式YYYYMMDD-->
				<TaxEndDate></TaxEndDate>
				<!--税款所属止期；格式YYYYMMDD-->
				<TaxUnitTypeCode></TaxUnitTypeCode>
				<!--计税单位代码-->
				<UnitRate></UnitRate>
				<!--单位计税金额-->
				<AnnualTaxAmount></AnnualTaxAmount>
				<!--当期年单位税额-->
				<Paid>
					<TaxDepartmentCode>123123</TaxDepartmentCode>
					<!--开具完税凭证的税务机关代码-->
					<TaxDepartment>123123</TaxDepartment>
					<!--开具完税凭证的税务机关名称-->
					<TaxDocumentNumber>123123</TaxDocumentNumber>
					<!--完税凭证号码-->
					<TaxDocumentDate>20181120</TaxDocumentDate>
				<!--完税凭证填发日期-->
				<TaxPaidAreaCode>440300</TaxPaidAreaCode>
				<!--开具完税凭证地区代码-->		
				</Paid>
				
				
				
				<Derate>
					<DeductionDueCode></DeductionDueCode>
					<!--减免税原因代码-->
					<DeductionDueType></DeductionDueType>
					<!--减免税方案代码-->
					<DeductionDueProportion></DeductionDueProportion>
					<!--减免比例-->
					<Deduction></Deduction>
					<!--减免金额-->
					<DeductionDocumentNumber></DeductionDocumentNumber>
					<!--减免税凭证号-->
					<TaxDepartmentCode></TaxDepartmentCode>
					<!--税务机关代码-->
					<TaxDepartment></TaxDepartment>
					<!--税务机关名称-->
				</Derate>
				<TaxDue></TaxDue>
				<!--当期应纳税额-->
				<ExceedDate></ExceedDate>
				<!--逾期时间-->
				<ExceedDaysCount></ExceedDaysCount>
				<!--逾期天数-->
				<OverDue></OverDue>
				<!--滞纳金-->
				<TotalAmount></TotalAmount>
				<!--合计金额-->
			</CurrentTaxDue>
			<DelinquentTaxDue>
				<TaxLocationCode></TaxLocationCode>
				<!--纳税地区代码，国标地区代码-->
				<TaxStartDate></TaxStartDate>
				<!--税款所属始期；格式YYYYMMDD-->
				<TaxEndDate></TaxEndDate>
				<!--税款所属止期；格式YYYYMMDD-->
				<TaxUnitTypeCode></TaxUnitTypeCode>
				<!--计税单位代码-->
				<UnitRate></UnitRate>
				<!--单位计税金额-->
				<AnnualTaxAmount></AnnualTaxAmount>
				<!--当期年单位税额-->
				<Paid>
					<TaxDepartmentCode>12312</TaxDepartmentCode>
					<!--开具完税凭证的税务机关代码-->
					<TaxDepartment>12</TaxDepartment>
					<!--开具完税凭证的税务机关名称-->
					
					<TaxDocumentNumber>123123</TaxDocumentNumber>
					<!--完税凭证号码-->
					<TaxDocumentDate>20180101</TaxDocumentDate>
				  <!--完税凭证填发日期-->
				  <TaxPaidAreaCode>420000</TaxPaidAreaCode>
				  <!--开具完税凭证地区代码-->		
				
				</Paid>
				<Derate>
					<DeductionDueCode></DeductionDueCode>
					<!--减免税原因代码-->
					<DeductionDueType></DeductionDueType>
					<!--减免税方案代码-->
					<DeductionDueProportion></DeductionDueProportion>
					<!--减免比例-->
					<Deduction></Deduction>
					<!--减免金额-->
					<DeductionDocumentNumber></DeductionDocumentNumber>
					<!--减免税凭证号-->
					<TaxDepartmentCode></TaxDepartmentCode>
					<!--税务机关代码-->
					<TaxDepartment></TaxDepartment>
					<!--税务机关名称-->
				</Derate>
				<TaxDue></TaxDue>
				<!--当期应纳税额-->
				<ExceedDate></ExceedDate>
				<!--逾期时间-->
				<ExceedDaysCount></ExceedDaysCount>
				<!--逾期天数-->
				<OverDue></OverDue>
				<!--滞纳金-->
				<TotalAmount></TotalAmount>
				<!--合计金额-->
			</DelinquentTaxDue>
			<TaxAmount>
				<TaxAmount_Flag>1</TaxAmount_Flag>
				<!--车船税合计金额标识代码-->	
				<AnnualTaxDue></AnnualTaxDue>
				<!--本年车船税金额-->
				<SumTaxDefault></SumTaxDefault>
				<!--合计欠税金额-->
				<SumOverdue></SumOverdue>
				<!--合计滞纳金-->
				<SumTax>110</SumTax>
				<!--合计金额-->
			</TaxAmount>
			<Declare_Status_IA></Declare_Status_IA>
			<!--车船税申报状态-->
			<Calc_Tax_Flag></Calc_Tax_Flag>
			<!--算税标识-->
    </VehicleTaxation>


	</BODY>
</PACKET>
2020-03-10 18:57:30.527 INFO [AWT-EventQueue-0]shandong.doExecution:199 -返回报文<?xml version="1.0" encoding="GBK"?><PACKET type="RESPONSE" version="1.0"><HEAD><REQUEST_TYPE>01</REQUEST_TYPE><RESPONSE_CODE>1</RESPONSE_CODE><ERROR_CODE>0000</ERROR_CODE><ERROR_MESSAGE>警告：车牌号“川RQAA34”的保单发生重复投保，与其重复投保的本公司的保单信息如下：车架号 PWJHPWEH201AA0W34;发动机号 PWJHPWEH201AA0W34;地区 510000。</ERROR_MESSAGE></HEAD><BODY><BASE_PART><QUERY_SEQUENCE_NO>01PICC510020001583837850429250</QUERY_SEQUENCE_NO><RENEWAL_FLAG>0</RENEWAL_FLAG><CHECK_CODE></CHECK_CODE><QUESTION></QUESTION><IS_NEWCAR_FLAG>0</IS_NEWCAR_FLAG></BASE_PART><DRIVER_LIST></DRIVER_LIST><COVERAGE_LIST><COVERAGE><COVERAGE_TYPE>1</COVERAGE_TYPE><COVERAGE_CODE>BZ</COVERAGE_CODE><STANDARD_PREMIUM>950.0</STANDARD_PREMIUM><PECCANCY_ADJUST_VALUE>0.0</PECCANCY_ADJUST_VALUE><CLAIM_ADJUST_VALUE>0.0</CLAIM_ADJUST_VALUE><BASED_PREMIUM>950.0</BASED_PREMIUM><PECCANCY_ADJUST_REASON></PECCANCY_ADJUST_REASON><CLAIM_ADJUST_REASON></CLAIM_ADJUST_REASON><RATE_FLOAT_FLAG>02</RATE_FLOAT_FLAG><REINSURE_FLAG>1</REINSURE_FLAG><LAST_BILL_DATE></LAST_BILL_DATE><LAST_START_DATE></LAST_START_DATE><LAST_END_DATE></LAST_END_DATE></COVERAGE></COVERAGE_LIST><PECC_LIST></PECC_LIST><CLAIM_LIST></CLAIM_LIST><KS_QUERY_ERROR_LIST></KS_QUERY_ERROR_LIST></BODY></PACKET>
2020-03-10 18:57:30.530 INFO [AWT-EventQueue-0]shandong.doExecution:220 -该接口标识码:<QUERY_SEQUENCE_NO>:01PICC510020001583837850429250
2020-03-10 18:57:30.531 INFO [AWT-EventQueue-0]shandong.doExecution:221 -执行时间结束时间时间 2020-03-10 18:57:30
2020-03-10 18:57:30.531 INFO [AWT-EventQueue-0]shandong.doExecution:222 -接口响应时间119 毫秒 

2020-03-10 18:57:30.607 INFO [AWT-EventQueue-0]shandong.doExecution:179 -开始执行 投保预确认
2020-03-10 18:57:30.607 INFO [AWT-EventQueue-0]shandong.doExecution:180 -执行时间开始时间 2020-03-10 18:57:30
2020-03-10 18:57:30.607 INFO [AWT-EventQueue-0]shandong.doExecution:187 -访问路劲是http://123.57.216.177:8080/sinoiaci/commserver
2020-03-10 18:57:30.607 INFO [AWT-EventQueue-0]shandong.doExecution:188 -请求报文 ：<?xml version="1.0" encoding="GBK"?>
<PACKET type="REQUEST" version="1.0" >
	<HEAD>
		<REQUEST_TYPE>02</REQUEST_TYPE>
		<USER>PICC5100</USER>
		<PASSWORD>123456</PASSWORD>
	</HEAD>
	<BODY>
		<BASE_PART>
			<QUERY_SEQUENCE_NO>01PICC510020001583837850429250</QUERY_SEQUENCE_NO>
			<!--投保询价号-->
			<CONFIRM_SEQUENCE_NO></CONFIRM_SEQUENCE_NO>
			<!--投保确认号-->
			<PROPOSAL_NO>PICC201808200003</PROPOSAL_NO>
			<!--投保单号-->
<VERIFICATION_CODE>440755</VERIFICATION_CODE>
<!--短信验证码-->
			<POLICY_NO>PICC201808200006</POLICY_NO>
			<!--保单号-->
			<TP_MARK></TP_MARK>
			<!--保险标志号码-->
             <SALES_CHANNEL>54</SALES_CHANNEL>
             <!--销售渠道代码-->
             <ASSUMPTION>，。、。， </ASSUMPTION>
             <!--特别约定-->
			<AGENT></AGENT>
			<!--经办人-->
			<OPERATOR></OPERATOR>
			<!--操作员-->
			<CURRENCY></CURRENCY>
			<!--币种代码-->
			<ACTUAL_PREMIUM>950</ACTUAL_PREMIUM>
			<!--签单保费-->
			<CHANGE_REASON_CODE></CHANGE_REASON_CODE>
			<!--签单保费变化原因代码-->
			<CHANGE_RENSON_DESC></CHANGE_RENSON_DESC>
			<!--签单保费变化原因描述-->
<INSURE_CONFORM_FLAG>1</INSURE_CONFORM_FLAG>
<!--投保确认标志代码-->
			<TAX_CHANGE_REASON_CODE></TAX_CHANGE_REASON_CODE>
			<!--税款变化原因代码-->
			<TAX_CHANGE_RENSON_DESC></TAX_CHANGE_RENSON_DESC>
			<!--税款变化原因描述-->
		     <CITY_CODE>510100</CITY_CODE>
			<!--保单归属地（地市）-->
			<COUNTY_CODE>510105</COUNTY_CODE>
			<!--保单归属地（县区）-->
             <DISPUTE_RESOLUTION>1</DISPUTE_RESOLUTION>
             <!--争议解决方式-->
             <IMPORTANT_NOTICE>一天热点 </IMPORTANT_NOTICE>
             <!--重要提示；以“\r”作为换行符-->
             <UNDERWRITING_NAME>和购房人的 </UNDERWRITING_NAME>
             <!--核保人-->
             <DOCUMENTATION_NAME>花港饭店 </DOCUMENTATION_NAME>
             <!--制单人-->
            <RECEIPT_CONFIRM_DATE>20160606151314</RECEIPT_CONFIRM_DATE>
            <!--收费确认时间；格式：YYYYMMDDHHMMSS-->
            <POS_NO>qwertyuiopas</POS_NO>
            <!--pos交易号/支票号-->
            <SALES_AREA>好几款 </SALES_AREA>
            <!--销售地区；例：“限在深圳市销售”-->
            <SHORT_MESSAGE>刚发的</SHORT_MESSAGE>
           <!--短信内容-->
		  <PAY_TYPE>10</PAY_TYPE>
		  <!--缴费方式-->
		  <PAY_ACCOUNT>622202022562520</PAY_ACCOUNT>
		  <!--缴费账号-->
		  <BUSINESS_NO>ZFDH201808250ACIC0111042</BUSINESS_NO>
		  <!--支付单号-->
		</BASE_PART>
		<CHECK_VEHICLE>
		<!--投保确认校验车辆信息列表-->
			<CAR_MARK>川RQAA34</CAR_MARK>
			<!--号牌号码-->
			<VEHICLE_TYPE>01</VEHICLE_TYPE>
			<!--号牌种类代码-->
			<USE_TYPE>210</USE_TYPE>
			<!--车辆使用性质代码-->
			<ENGINE_NO>PWJHPWEH201AA0W34</ENGINE_NO>
			<!--发动机号-->
			<RACK_NO>PWJHPWEH201AA0W34</RACK_NO>
			<!--车架号/VIN码-->
			<USE_AGES></USE_AGES>
			<!--已使用年限-->
			<MILEAGES></MILEAGES>
			<!--已行驶总里程(公里)-->
			<NEW_VEHICLE_FLAG>0</NEW_VEHICLE_FLAG>
			<!--未上牌车辆标志代码-->
			<ECDEMIC_VEHICLE_FLAG>1</ECDEMIC_VEHICLE_FLAG>
			<!--外地车标志代码-->
			<MADE_FACTORY></MADE_FACTORY>
			<!--制造厂名称-->
			<VEHICLE_BRAND>bwm</VEHICLE_BRAND>
			<!--车辆品牌-->
			<DRIVER_NUM></DRIVER_NUM>
			<!--指定驾驶员数量-->
			<SPECIAL_CAR_FLAG></SPECIAL_CAR_FLAG>
			<!--特殊车投保标志代码-->
			<VEHICLE_REGISTER_DATE>20180205</VEHICLE_REGISTER_DATE>
			<!--车辆初始登记日期-->
			<NO_DAMAGE_YEARS></NO_DAMAGE_YEARS>
			<!--跨省首年投保未出险证明的年数-->
			<VEHICLE_STYLE>K31</VEHICLE_STYLE>
			<!--交管车辆类型代码-->
			<POWER>1000</POWER>
			<!--功率-->
			<BY_BUSINESS_AGENT></BY_BUSINESS_AGENT>
			<!--兼业代理渠道代码-->
			<SUBORDINATE_CODE>1233</SUBORDINATE_CODE>
			<!--保险公司分支机构代码（保险公司的内部编码）-->
			<VEHICLE_CATEGORY>11</VEHICLE_CATEGORY>
			<!--车辆种类代码-->
			<LIMIT_LOAD_PERSON>5</LIMIT_LOAD_PERSON>
			<!--核定载客人数-->
			<LIMIT_LOAD>1000</LIMIT_LOAD>
			<!--核定载质量,单位千克-->
			<WHOLE_WEIGHT>0</WHOLE_WEIGHT>
			<!--整备质量；单位千克-->
			<DISPLACEMENT>1997</DISPLACEMENT>
			<!--排量；单位毫升-->
			<FUEL_TYPE>0</FUEL_TYPE>
			<!--能源种类-->
			<VEHICLE_MODEL>320</VEHICLE_MODEL>
			<!--车辆型号-->
			<CAR_NAME>A5</CAR_NAME>
			<!--车款名称-->
             <LABEL_MODEL>士大夫 </LABEL_MODEL>
             <!--厂牌型号-->
             <TRAVEL_AREA>共和国台风 </TRAVEL_AREA>
             <!--行驶区域-->
             <ANNUAL_AVERAGE_MILE>98765432.99</ANNUAL_AVERAGE_MILE>
             <!--年平均行驶里程；单位：公里-->
		</CHECK_VEHICLE>
		<CHECK_COVERAGE_LIST>
		    <!--投保确认校验投保险种信息列表-->
			<CHECK_COVERAGE>
			<COVERAGE_TYPE>1</COVERAGE_TYPE>
			<!--险种类型代码-->
            <COVERAGE_CODE></COVERAGE_CODE>
            <!--险种代码-->
			<LIMIT_AMOUNT>-40000</LIMIT_AMOUNT>
			<!--总赔偿限额-->
<START_DATE>202003131011</START_DATE>
<!--保险起期-->
<END_DATE>202103131011</END_DATE>
<!--保险止期-->
				<BILL_DATE>20200301</BILL_DATE>
				<!--出单/签单日期-->
                  <PECC_ACCIDENT_RATE></PECC_ACCIDENT_RATE>
                 <!--违法事故浮动比率(-9.99-9.99)-->
                 <DISCOUNT_AMOUNT>-123456789123.99</DISCOUNT_AMOUNT>
                 <!--优惠金额-->
                 <FOUND_RATE></FOUND_RATE>	
                 <!--救助基金比例-->	
                <FOUND_AMOUNT>-123456789123.11</FOUND_AMOUNT>	
                <!--救助基金金额-->
			</CHECK_COVERAGE>
		</CHECK_COVERAGE_LIST>
		<OWNER_LIST>
			<!--车主信息列表-->
			<OWNER_DATA>
				<OWNER_NAME>张三 </OWNER_NAME>
				<!--车主名称-->
				<OWNER_TYPE>1</OWNER_TYPE>
				<!--车主类别代码-->
				<CERTI_TYPE>01</CERTI_TYPE>
				<!--证件类型代码-->
				<CERTI_CODE>542521199812200081</CERTI_CODE>
				<!--证件号码-->
				<ADDRESS></ADDRESS>
				<!--住址-->
				<MAIL_ADDRESS></MAIL_ADDRESS>
				<!--通讯地址-->
				<ZIP></ZIP>
				<!--邮政编码-->
				<TELEPHONE></TELEPHONE>
				<!--联系电话-->
				<COMPANY_TYPE></COMPANY_TYPE>
				<!--单位性质代码-->
			</OWNER_DATA>
		</OWNER_LIST>
		
		<PH_LIST>
			<!--投保人信息列表-->
			<PH_DATA>
				<POLICY_HOLDER>傻妞1 </POLICY_HOLDER>
				<!--投保人名称-->
				<PH_TYPE>1</PH_TYPE>
				<!--投保人类别-->
				<CERTI_TYPE>01</CERTI_TYPE>
				<!--证件类型代码-->
				<CERTI_CODE>140701196006130096</CERTI_CODE>
				<!--证件号码-->
				<ADDRESS>看见美女 </ADDRESS>
				<!--住址-->
				<MAIL_ADDRESS>用同一个班 </MAIL_ADDRESS>
				<!--通讯地址-->
				<ZIP>432543</ZIP>
				<!--邮政编码-->
				<TELEPHONE>18785859999</TELEPHONE>
				<!--联系电话-->
				<COMPANY_TYPE>3</COMPANY_TYPE>
				<!--单位性质代码-->
                 <APPLICANT_EMAIL>654321、7654 </APPLICANT_EMAIL>
                 <!--投保人邮箱-->
			</PH_DATA>										
		</PH_LIST>
		
		<INSURED_LIST>
	    <!--被保险人信息列表-->
			<INSURED_DATA>
				<INSURED_NAME>九号 </INSURED_NAME>
				<!--被保险人姓名-->
				<INSURED_TYPE>1</INSURED_TYPE>
				<!--被保险人信息类别代码-->
				<CERTI_TYPE>02</CERTI_TYPE>
				<!--证件类型代码-->
				<CERTI_CODE>152524194707220033</CERTI_CODE>
				<!--证件号码-->
				<TELEPHONE>18785855445</TELEPHONE>
				<!--联系电话-->
                  <INSURED_EMAIL>123456</INSURED_EMAIL>
                  <!--被保险人邮箱-->
			</INSURED_DATA>											
		</INSURED_LIST>	
		
		<COMMISSION_AGENT>
			<Certificate_No>1023</Certificate_No>
			<!--中介机构许可证号/个人代理资格证号-->
			<Individual_Producer_Code>2233</Individual_Producer_Code>
			<!--中介机构代码（保险公司的内部编码）-->
             <INDIVIDUAL_PRODUCER_NAME>sc</INDIVIDUAL_PRODUCER_NAME>
             <!--中介机构全称/个人代理人名称-->
             <AGENT_PHONE_NO>123456</AGENT_PHONE_NO>
             <!--代理人电话--> 
             <AGENT_ADDRESS>山东 </AGENT_ADDRESS>
             <!--代理人地址-->
		</COMMISSION_AGENT>
		
	    <COMMISSION>
		<!--手续费相关信息-->
			<COMMISSION_RATE>0.0</COMMISSION_RATE>
			<!--手续费支付比例-->
	    </COMMISSION>
	    
		<THIRD_PATRY_INFO>
		<!--第三方平台相关信息-->
				<IS_THIRD_BUSSINESS>0</IS_THIRD_BUSSINESS>
				<!--是否第三方业务-->
				<RECORD_CODE>123</RECORD_CODE>
				<!--备案代码-->
		</THIRD_PATRY_INFO>
		
	     <GROUP_LINKER_INFO>	
	    <!--团单联系人相关信息-->
            <LINKER_NAME>同人文</LINKER_NAME>
            <!--联系人姓名-->
            <PHONE_NO>8765432</PHONE_NO>
            <!--联系人电话-->
         </GROUP_LINKER_INFO>
       
        <COMPANY_INFO>
	   <!--保险公司相关信息-->
<COMPANY_NAME>官方认为</COMPANY_NAME>
<!--保险公司名称-->
<WEBSITE>6543y</WEBSITE>
<!--公司网址-->
 <COMPANY_ADDRESS>花港饭店</COMPANY_ADDRESS>
 <!--公司地址-->
<COMPANY_ZIP>g213</COMPANY_ZIP>
<!--公司邮政编码-->
<SERVICE_PHONE_NO>5432</SERVICE_PHONE_NO>
<!--服务电话-->
<COMPLAINT_PHONE_NO>234567</COMPLAINT_PHONE_NO>
<!--投诉电话-->
<REPORT_PHONE_NO></REPORT_PHONE_NO>
<!--报案电话-->
        </COMPANY_INFO>

        
-<VehicleTaxation>

<TaxTermTypeCode>08</TaxTermTypeCode>

<TaxConditionCode>P</TaxConditionCode>

<TaxRegistryNumber>320102136160586</TaxRegistryNumber>

<TaxPayerName>李四</TaxPayerName>

<TaxPayerIdentificationCode>142303198808284112</TaxPayerIdentificationCode>

<PromptMessage/>

<DeclareDate/>


-<CurrentTaxDue>

<TaxConditionCode>P</TaxConditionCode>

<TaxLocationCode>420000</TaxLocationCode>

<TaxStartDate>20190101</TaxStartDate>

<TaxEndDate>20191231</TaxEndDate>

<TaxUnitTypeCode>1</TaxUnitTypeCode>

<UnitRate>480.0</UnitRate>

<AnnualTaxAmount>480.0</AnnualTaxAmount>


-<Paid>

<TaxDepartmentCode>123123</TaxDepartmentCode>

<TaxDepartment>123123</TaxDepartment>

<TaxDocumentNumber>123123</TaxDocumentNumber>

<TaxDocumentDate>20181120</TaxDocumentDate>

<TaxPaidAreaCode>440300</TaxPaidAreaCode>

</Paid>


-<Derate>

<DeductionDueCode/>

<DeductionDueType/>

<DeductionDueProportion/>

<Deduction/>

<DeductionDocumentNumber/>

<TaxDepartmentCode/>

<TaxDepartment/>

</Derate>

<TaxDue>480.0</TaxDue>

<ExceedDate/>

<ExceedDaysCount>0</ExceedDaysCount>

<OverDue>0.0</OverDue>

<TotalAmount>0.0</TotalAmount>

</CurrentTaxDue>


-<TaxAmount>

<TaxAmount_Flag>2</TaxAmount_Flag>

<AnnualTaxDue>0.0</AnnualTaxDue>

<SumTaxDefault>0.0</SumTaxDefault>

<SumOverdue>0.0</SumOverdue>

<SumTax>0.0</SumTax>

</TaxAmount>

<Declare_Status_IA>1</Declare_Status_IA>

<Calc_Tax_Flag>2</Calc_Tax_Flag>

</VehicleTaxation>

  </BODY>
  </PACKET>
2020-03-10 18:57:30.708 INFO [AWT-EventQueue-0]shandong.doExecution:199 -返回报文<?xml version="1.0" encoding="GBK"?><PACKET type="RESPONSE" version="1.0"><HEAD><REQUEST_TYPE>02</REQUEST_TYPE><RESPONSE_CODE>1</RESPONSE_CODE><ERROR_CODE>0000</ERROR_CODE><ERROR_MESSAGE>警告:车牌号“川RQAA34”的保单发生重复投保，与其重复投保的本公司的保单信息如下：车架号 PWJHPWEH201AA0W34;发动机号 PWJHPWEH201AA0W34;地区 510000。</ERROR_MESSAGE></HEAD><BODY><BASE_PART><CONFIRM_SEQUENCE_NO>02PICC510020001583837850610251</CONFIRM_SEQUENCE_NO><REINSURE_FLAG>1</REINSURE_FLAG><CONFIRM_DATE>20200310185730</CONFIRM_DATE></BASE_PART></BODY></PACKET>
2020-03-10 18:57:30.709 INFO [AWT-EventQueue-0]shandong.doExecution:220 -该接口标识码:<CONFIRM_SEQUENCE_NO>:02PICC510020001583837850610251
2020-03-10 18:57:30.709 INFO [AWT-EventQueue-0]shandong.doExecution:221 -执行时间结束时间时间 2020-03-10 18:57:30
2020-03-10 18:57:30.709 INFO [AWT-EventQueue-0]shandong.doExecution:222 -接口响应时间101 毫秒 

